{"D:\\Usuarios\\1551933\\Documents\\peoo-info2m-2024\\jest\\ContaBancaria.ts": {"path":"D:\\Usuarios\\1551933\\Documents\\peoo-info2m-2024\\jest\\ContaBancaria.ts","statementMap":{"0":{"start":{"line":5,"column":6},"end":{"line":5,"column":83}},"1":{"start":{"line":5,"column":28},"end":{"line":5,"column":83}},"2":{"start":{"line":6,"column":6},"end":{"line":6,"column":32}},"3":{"start":{"line":10,"column":6},"end":{"line":10,"column":68}},"4":{"start":{"line":10,"column":22},"end":{"line":10,"column":68}},"5":{"start":{"line":11,"column":6},"end":{"line":11,"column":26}},"6":{"start":{"line":15,"column":6},"end":{"line":15,"column":68}},"7":{"start":{"line":15,"column":30},"end":{"line":15,"column":68}},"8":{"start":{"line":16,"column":6},"end":{"line":16,"column":26}},"9":{"start":{"line":20,"column":6},"end":{"line":20,"column":24}},"10":{"start":{"line":1,"column":0},"end":{"line":1,"column":13}}},"fnMap":{"0":{"name":"(anonymous_0)","decl":{"start":{"line":4,"column":4},"end":{"line":4,"column":16}},"loc":{"start":{"line":4,"column":36},"end":{"line":7,"column":5}}},"1":{"name":"(anonymous_1)","decl":{"start":{"line":9,"column":4},"end":{"line":9,"column":13}},"loc":{"start":{"line":9,"column":27},"end":{"line":12,"column":5}}},"2":{"name":"(anonymous_2)","decl":{"start":{"line":14,"column":4},"end":{"line":14,"column":9}},"loc":{"start":{"line":14,"column":23},"end":{"line":17,"column":5}}},"3":{"name":"(anonymous_3)","decl":{"start":{"line":19,"column":4},"end":{"line":19,"column":12}},"loc":{"start":{"line":19,"column":12},"end":{"line":21,"column":5}}}},"branchMap":{"0":{"loc":{"start":{"line":5,"column":6},"end":{"line":5,"column":83}},"type":"if","locations":[{"start":{"line":5,"column":6},"end":{"line":5,"column":83}}]},"1":{"loc":{"start":{"line":10,"column":6},"end":{"line":10,"column":68}},"type":"if","locations":[{"start":{"line":10,"column":6},"end":{"line":10,"column":68}}]},"2":{"loc":{"start":{"line":15,"column":6},"end":{"line":15,"column":68}},"type":"if","locations":[{"start":{"line":15,"column":6},"end":{"line":15,"column":68}}]}},"s":{"0":6,"1":1,"2":5,"3":3,"4":2,"5":1,"6":2,"7":1,"8":1,"9":3,"10":1},"f":{"0":6,"1":3,"2":2,"3":3},"b":{"0":[1],"1":[2],"2":[1]}}
,"D:\\Usuarios\\1551933\\Documents\\peoo-info2m-2024\\jest\\math.ts": {"path":"D:\\Usuarios\\1551933\\Documents\\peoo-info2m-2024\\jest\\math.ts","statementMap":{"0":{"start":{"line":1,"column":0},"end":{"line":1,"column":16}},"1":{"start":{"line":2,"column":4},"end":{"line":2,"column":17}}},"fnMap":{"0":{"name":"soma","decl":{"start":{"line":1,"column":16},"end":{"line":1,"column":20}},"loc":{"start":{"line":1,"column":41},"end":{"line":3,"column":1}}}},"branchMap":{},"s":{"0":1,"1":3},"f":{"0":3},"b":{}}
}
